e:\workspace\github\avcodec\trunk\libfaac\debug\vc120.pdb
e:\workspace\github\avcodec\trunk\libfaac\debug\vc120.idb
e:\workspace\github\avcodec\trunk\libfaac\debug\util.obj
e:\workspace\github\avcodec\trunk\libfaac\debug\tns.obj
e:\workspace\github\avcodec\trunk\libfaac\debug\psychkni.obj
e:\workspace\github\avcodec\trunk\libfaac\debug\midside.obj
e:\workspace\github\avcodec\trunk\libfaac\debug\ltp.obj
e:\workspace\github\avcodec\trunk\libfaac\debug\huffman.obj
e:\workspace\github\avcodec\trunk\libfaac\debug\frame.obj
e:\workspace\github\avcodec\trunk\libfaac\debug\filtbank.obj
e:\workspace\github\avcodec\trunk\libfaac\debug\fft.obj
e:\workspace\github\avcodec\trunk\libfaac\debug\channels.obj
e:\workspace\github\avcodec\trunk\libfaac\debug\bitstream.obj
e:\workspace\github\avcodec\trunk\libfaac\debug\backpred.obj
e:\workspace\github\avcodec\trunk\libfaac\debug\aacquant.obj
e:\workspace\github\avcodec\trunk\lib_d\libfaac.lib
e:\workspace\github\avcodec\trunk\libfaac\..\lib_d\libfaac.lib
e:\workspace\github\avcodec\trunk\libfaac\debug\libfaac.tlog\cl.command.1.tlog
e:\workspace\github\avcodec\trunk\libfaac\debug\libfaac.tlog\cl.read.1.tlog
e:\workspace\github\avcodec\trunk\libfaac\debug\libfaac.tlog\cl.write.1.tlog
e:\workspace\github\avcodec\trunk\libfaac\debug\libfaac.tlog\lib-link.read.1.tlog
e:\workspace\github\avcodec\trunk\libfaac\debug\libfaac.tlog\lib-link.write.1.tlog
e:\workspace\github\avcodec\trunk\libfaac\debug\libfaac.tlog\lib.command.1.tlog
