生成启动时间为 2017/7/26 17:22:39。
     1>项目“E:\workspace\github\AVCodec\trunk\libfaac\libfaac.vcxproj”在节点 3 上(Rebuild 个目标)。
     1>C:\Program Files (x86)\MSBuild\Microsoft.Cpp\v4.0\V120\Microsoft.CppBuild.targets(357,5): warning MSB8004: Output Directory does not end with a trailing slash.  This build instance will add the slash as it is required to allow proper evaluation of the Output Directory.
     1>ClCompile:
         C:\Program Files (x86)\Microsoft Visual Studio 12.0\VC\bin\CL.exe /c /Iinclude /ZI /nologo /W3 /WX- /Od /Oy- /D WIN32 /D _DEBUG /D _LIB /D _VC80_UPGRADE=0x0700 /D _MBCS /Gm- /EHsc /RTC1 /MTd /GS /fp:precise /Zc:wchar_t /Zc:forScope /Fo"Debug\\" /Fd"Debug\vc120.pdb" /Gd /TC /analyze- /errorReport:prompt aacquant.c backpred.c bitstream.c channels.c fft.c filtbank.c frame.c huffman.c ltp.c midside.c psychkni.c tns.c util.c
         aacquant.c
     1>e:\workspace\github\avcodec\trunk\libfaac\aacquant.c(198): warning C4244: “函数”: 从“double”转换到“int”，可能丢失数据
     1>e:\workspace\github\avcodec\trunk\libfaac\aacquant.c(337): warning C4307: “*”: 整型常量溢出
     1>e:\workspace\github\avcodec\trunk\libfaac\aacquant.c(337): warning C4244: “=”: 从“double”转换到“float”，可能丢失数据
     1>e:\workspace\github\avcodec\trunk\libfaac\aacquant.c(446): warning C4244: “=”: 从“double”转换到“int”，可能丢失数据
     1>e:\workspace\github\avcodec\trunk\libfaac\aacquant.c(447): warning C4244: “=”: 从“double”转换到“int”，可能丢失数据
     1>e:\workspace\github\avcodec\trunk\libfaac\aacquant.c(602): warning C4244: “=”: 从“double”转换到“int”，可能丢失数据
     1>e:\workspace\github\avcodec\trunk\libfaac\aacquant.c(614): warning C4244: “=”: 从“double”转换到“int”，可能丢失数据
         backpred.c
         bitstream.c
         channels.c
         fft.c
     1>e:\workspace\github\avcodec\trunk\libfaac\fft.c(614): warning C4244: “=”: 从“double”转换到“fftfloat”，可能丢失数据
     1>e:\workspace\github\avcodec\trunk\libfaac\fft.c(615): warning C4244: “=”: 从“double”转换到“fftfloat”，可能丢失数据
         filtbank.c
         frame.c
     1>e:\workspace\github\avcodec\trunk\libfaac\frame.c(235): warning C4244: “=”: 从“double”转换到“unsigned int”，可能丢失数据
     1>e:\workspace\github\avcodec\trunk\libfaac\frame.c(241): warning C4244: “=”: 从“double”转换到“unsigned int”，可能丢失数据
     1>e:\workspace\github\avcodec\trunk\libfaac\frame.c(242): warning C4244: “=”: 从“double”转换到“unsigned long”，可能丢失数据
     1>e:\workspace\github\avcodec\trunk\libfaac\frame.c(245): warning C4018: “>”: 有符号/无符号不匹配
     1>e:\workspace\github\avcodec\trunk\libfaac\frame.c(330): warning C4244: “=”: 从“const double”转换到“unsigned int”，可能丢失数据
     1>e:\workspace\github\avcodec\trunk\libfaac\frame.c(331): warning C4018: “>”: 有符号/无符号不匹配
     1>e:\workspace\github\avcodec\trunk\libfaac\frame.c(533): warning C4018: “<”: 有符号/无符号不匹配
     1>e:\workspace\github\avcodec\trunk\libfaac\frame.c(545): warning C4018: “<”: 有符号/无符号不匹配
     1>e:\workspace\github\avcodec\trunk\libfaac\frame.c(557): warning C4018: “<”: 有符号/无符号不匹配
         huffman.c
         ltp.c
         midside.c
         psychkni.c
     1>e:\workspace\github\avcodec\trunk\libfaac\psychkni.c(346): warning C4244: “=”: 从“double”转换到“int”，可能丢失数据
     1>e:\workspace\github\avcodec\trunk\libfaac\psychkni.c(393): warning C4244: “=”: 从“double”转换到“psyfloat”，可能丢失数据
         tns.c
         util.c
         正在生成代码...
       Lib:
         C:\Program Files (x86)\Microsoft Visual Studio 12.0\VC\bin\Lib.exe /OUT:"..\lib_d\libfaac.lib" /NOLOGO Debug\aacquant.obj
         Debug\backpred.obj
         Debug\bitstream.obj
         Debug\channels.obj
         Debug\fft.obj
         Debug\filtbank.obj
         Debug\frame.obj
         Debug\huffman.obj
         Debug\ltp.obj
         Debug\midside.obj
         Debug\psychkni.obj
         Debug\tns.obj
         Debug\util.obj
         libfaac.vcxproj -> E:\workspace\github\AVCodec\trunk\libfaac\..\lib_d\libfaac.lib
     1>已完成生成项目“E:\workspace\github\AVCodec\trunk\libfaac\libfaac.vcxproj”(Rebuild 个目标)的操作。

生成成功。

已用时间 00:00:01.19
